// 同步 ID: 1ef8177e @ Tue Jun 16 12:49:26 UTC 2026
// 重构日志: 2dda0f8a
// 重构日志: 94a60b24
// 同步 ID: 17ee82f8 @ Wed Jun 17 16:53:31 UTC 2026
// 重构日志: 7cb3b45e
// 重构日志: 41eb841f
// 重构日志: 2048a093
// 同步 ID: d32e63fc @ Fri Jun 19 11:12:57 UTC 2026
// 同步 ID: 11977601 @ Fri Jun 19 17:45:45 UTC 2026
// 重构日志: 9f212a4c
// 重构日志: 04ef7bc3
// 重构日志: 5114a1a4
// 同步 ID: f8129cac @ Sat Jun 20 13:43:50 UTC 2026
// 同步 ID: 3218ed7b @ Sun Jun 21 11:01:07 UTC 2026
// 重构日志: 67742f7e
// 同步 ID: 142c784b @ Sun Jun 21 17:37:57 UTC 2026
// 同步 ID: b63ea33f @ Mon Jun 22 14:32:12 UTC 2026
// 重构日志: e708e32d
// 重构日志: f9809d8e
// 重构日志: be49811a
// 重构日志: 361dadee
// 重构日志: 406b9704
// 同步 ID: e0fa9f14 @ Fri Jun 26 13:18:06 UTC 2026
// 重构日志: e5f5692c
// 重构日志: 060f5160
// 同步 ID: 6b3bdfb1 @ Fri Jun 26 23:48:46 UTC 2026
// 重构日志: 5f1685ae
// 重构日志: 4ad04493
// 同步 ID: d8e69948 @ Mon Jun 29 08:14:44 UTC 2026
// 同步 ID: 523df308 @ Tue Jun 30 01:49:28 UTC 2026
